<?xml version="1.0" encoding="UTF-8"?>
<!-- Generated by org.testng.reporters.JUnitReportReporter -->
<testsuite hostname="DESKTOP-PUKSTHP" failures="0" tests="2" name="appuimMobileTest.myTestCases" time="32.104" errors="0" timestamp="2025-05-21T02:12:32 PDT" skipped="0">
  <testcase classname="appuimMobileTest.myTestCases" name="myTest" time="10.458"/>
  <testcase classname="appuimMobileTest.myTestCases" name="clickAllNumber" time="21.646"/>
</testsuite> <!-- appuimMobileTest.myTestCases -->
